<?xml version="1.0" encoding="UTF-8"?>
<!-- Generated by org.testng.reporters.JUnitXMLReporter -->
<testsuite ignored="0" hostname="CINT-IAOL-059" failures="0" tests="5" name="Sanity Testing" time="0.129" errors="0" timestamp="2024-01-22T12:59:04 IST">
  <testcase classname="TestNG_2.A_HomeScreenTest" name="LaunchApplication" time="0.017"/>
  <testcase classname="TestNG_2.A_HomeScreenTest" name="VerifyLogo" time="0.002"/>
  <testcase classname="TestNG_2.A_HomeScreenTest" name="VerifyTitle" time="0.002"/>
  <testcase classname="TestNG_2.B_LoginTest" name="LoginByEmail" time="0.002"/>
  <testcase classname="TestNG_2.B_LoginTest" name="LoginByMobileNumber" time="0.004"/>
</testsuite> <!-- Sanity Testing -->
