<?xml version="1.0" encoding="UTF-8"?>
<!-- Generated by org.testng.reporters.JUnitXMLReporter -->
<testsuite ignored="0" hostname="CINT-IAOL-059" failures="2" tests="5" name="Test" time="0.315" errors="0" timestamp="2024-01-26T17:16:10 IST">
  <testcase classname="TestNG_5.TestCaseExample" name="testMethod1" time="0.011"/>
  <testcase classname="TestNG_5.TestCaseExample" name="testMethod2" time="0.001">
    <failure type="junit.framework.AssertionFailedError">
      <![CDATA[junit.framework.AssertionFailedError
at junit.framework.Assert.fail(Assert.java:47)
at junit.framework.Assert.assertTrue(Assert.java:20)
at junit.framework.Assert.assertTrue(Assert.java:27)
at TestNG_5.TestCaseExample.testMethod2(TestCaseExample.java:21)
at java.base/java.util.ArrayList.forEach(ArrayList.java:1511)
... Removed 27 stack frames]]>
    </failure>
  </testcase> <!-- testMethod2 -->
  <testcase classname="TestNG_5.TestCaseExample" name="testMethod3" time="0.002">
    <failure type="junit.framework.AssertionFailedError">
      <![CDATA[junit.framework.AssertionFailedError
at junit.framework.Assert.fail(Assert.java:47)
at junit.framework.Assert.assertTrue(Assert.java:20)
at junit.framework.Assert.assertTrue(Assert.java:27)
at TestNG_5.TestCaseExample.testMethod3(TestCaseExample.java:28)
at java.base/java.util.ArrayList.forEach(ArrayList.java:1511)
... Removed 27 stack frames]]>
    </failure>
  </testcase> <!-- testMethod3 -->
  <testcase classname="TestNG_5.TestCaseExample" name="testMethod4" time="0.001"/>
  <testcase classname="TestNG_5.TestCaseExample" name="testMethod5" time="0.001">
    <skipped/>
  </testcase> <!-- testMethod5 -->
</testsuite> <!-- Test -->
