<?xml version="1.0" encoding="UTF-8"?>
<!-- Generated by org.testng.reporters.JUnitXMLReporter -->
<testsuite ignored="0" hostname="CINT-IAOL-059" failures="0" tests="1" name="TestOnChrome" time="4.221" errors="0" timestamp="2024-01-24T12:25:50 IST">
  <testcase classname="TestNG_4.CrossBrowserTestingDemo" name="@BeforeMethod LaunchBrowser" time="4.097">
    <failure type="io.github.bonigarcia.wdm.config.WebDriverManagerException" message="java.net.UnknownHostException: googlechromelabs.github.io">
      <![CDATA[io.github.bonigarcia.wdm.config.WebDriverManagerException: java.net.UnknownHostException: googlechromelabs.github.io
at io.github.bonigarcia.wdm.WebDriverManager.handleException(WebDriverManager.java:1435)
at io.github.bonigarcia.wdm.WebDriverManager.manage(WebDriverManager.java:1195)
at io.github.bonigarcia.wdm.WebDriverManager.fallback(WebDriverManager.java:1451)
at io.github.bonigarcia.wdm.WebDriverManager.handleException(WebDriverManager.java:1432)
at io.github.bonigarcia.wdm.WebDriverManager.manage(WebDriverManager.java:1195)
at io.github.bonigarcia.wdm.WebDriverManager.handleException(WebDriverManager.java:1425)
at io.github.bonigarcia.wdm.WebDriverManager.manage(WebDriverManager.java:1195)
at io.github.bonigarcia.wdm.WebDriverManager.setup(WebDriverManager.java:427)
at TestNG_4.CrossBrowserTestingDemo.LaunchBrowser(CrossBrowserTestingDemo.java:22)
at java.base/java.util.ArrayList.forEach(ArrayList.java:1511)
at java.base/java.util.concurrent.FutureTask.run(FutureTask.java:264)
at java.base/java.util.concurrent.ThreadPoolExecutor.runWorker(ThreadPoolExecutor.java:1130)
at java.base/java.util.concurrent.ThreadPoolExecutor$Worker.run(ThreadPoolExecutor.java:630)
at java.base/java.lang.Thread.run(Thread.java:831)
Caused by: java.net.UnknownHostException: googlechromelabs.github.io
at java.base/java.net.InetAddress$CachedAddresses.get(InetAddress.java:800)
at java.base/java.net.InetAddress.getAllByName0(InetAddress.java:1507)
at java.base/java.net.InetAddress.getAllByName(InetAddress.java:1366)
at java.base/java.net.InetAddress.getAllByName(InetAddress.java:1300)
at org.apache.hc.client5.http.SystemDefaultDnsResolver.resolve(SystemDefaultDnsResolver.java:43)
at org.apache.hc.client5.http.impl.io.DefaultHttpClientConnectionOperator.connect(DefaultHttpClientConnectionOperator.java:141)
at org.apache.hc.client5.http.impl.io.PoolingHttpClientConnectionManager.connect(PoolingHttpClientConnectionManager.java:447)
at org.apache.hc.client5.http.impl.classic.InternalExecRuntime.connectEndpoint(InternalExecRuntime.java:162)
at org.apache.hc.client5.http.impl.classic.InternalExecRuntime.connectEndpoint(InternalExecRuntime.java:172)
at org.apache.hc.client5.http.impl.classic.ConnectExec.execute(ConnectExec.java:142)
at org.apache.hc.client5.http.impl.classic.ExecChainElement.execute(ExecChainElement.java:51)
at org.apache.hc.client5.http.impl.classic.ProtocolExec.execute(ProtocolExec.java:192)
at org.apache.hc.client5.http.impl.classic.ExecChainElement.execute(ExecChainElement.java:51)
at org.apache.hc.client5.http.impl.classic.HttpRequestRetryExec.execute(HttpRequestRetryExec.java:96)
at org.apache.hc.client5.http.impl.classic.ExecChainElement.execute(ExecChainElement.java:51)
at org.apache.hc.client5.http.impl.classic.ContentCompressionExec.execute(ContentCompressionExec.java:152)
at org.apache.hc.client5.http.impl.classic.ExecChainElement.execute(ExecChainElement.java:51)
at org.apache.hc.client5.http.impl.classic.RedirectExec.execute(RedirectExec.java:115)
at org.apache.hc.client5.http.impl.classic.ExecChainElement.execute(ExecChainElement.java:51)
at org.apache.hc.client5.http.impl.classic.InternalHttpClient.doExecute(InternalHttpClient.java:170)
at org.apache.hc.client5.http.impl.classic.CloseableHttpClient.execute(CloseableHttpClient.java:87)
at org.apache.hc.client5.http.impl.classic.CloseableHttpClient.execute(CloseableHttpClient.java:55)
at org.apache.hc.client5.http.classic.HttpClient.executeOpen(HttpClient.java:183)
at io.github.bonigarcia.wdm.online.HttpClient.execute(HttpClient.java:162)
at io.github.bonigarcia.wdm.online.Parser.parseJson(Parser.java:50)
at io.github.bonigarcia.wdm.managers.ChromeDriverManager.getDriverUrls(ChromeDriverManager.java:119)
at io.github.bonigarcia.wdm.WebDriverManager.createUrlHandler(WebDriverManager.java:1456)
at io.github.bonigarcia.wdm.WebDriverManager.download(WebDriverManager.java:1277)
at io.github.bonigarcia.wdm.WebDriverManager.manage(WebDriverManager.java:1189)
... 33 more
... Removed 21 stack frames]]>
    </failure>
  </testcase> <!-- @BeforeMethod LaunchBrowser -->
  <testcase classname="TestNG_4.CrossBrowserTestingDemo" name="@AfterMethod Quit" time="0.0">
    <skipped/>
  </testcase> <!-- @AfterMethod Quit -->
  <testcase classname="TestNG_4.CrossBrowserTestingDemo" name="verifyTitle" time="0.001">
    <skipped/>
  </testcase> <!-- verifyTitle -->
</testsuite> <!-- TestOnChrome -->
