<?xml version="1.0" encoding="UTF-8"?>
<!-- Generated by org.testng.reporters.JUnitXMLReporter -->
<testsuite ignored="0" hostname="CINT-IAOL-059" failures="0" tests="5" name="Functional Testing" time="0.028" errors="0" timestamp="2024-01-22T12:59:04 IST">
  <testcase classname="TestNG_2.C_ProductPageTest" name="AddProductToCart" time="0.002"/>
  <testcase classname="TestNG_2.C_ProductPageTest" name="AddProductToWishList" time="0.002"/>
  <testcase classname="TestNG_2.C_ProductPageTest" name="SelectQuantity" time="0.002"/>
  <testcase classname="TestNG_2.D_PaymentTest" name="CashOnDelivery" time="0.002"/>
  <testcase classname="TestNG_2.D_PaymentTest" name="Netbanking" time="0.002"/>
</testsuite> <!-- Functional Testing -->
