<?xml version="1.0" encoding="UTF-8"?>
<!-- Generated by org.testng.reporters.JUnitXMLReporter -->
<testsuite ignored="1" hostname="CINT-IAOL-059" failures="2" tests="2" name="Test(failed)" time="0.113" errors="0" timestamp="2024-01-24T12:38:41 IST">
  <testcase classname="TestNG_4.TestCasesExample" name="TestCase01" time="0.026">
    <failure type="java.lang.AssertionError" message="expected [true] but found [false]">
      <![CDATA[java.lang.AssertionError: expected [true] but found [false]
at TestNG_4.TestCasesExample.TestCase01(TestCasesExample.java:11)
at java.base/java.util.ArrayList.forEach(ArrayList.java:1511)
... Removed 31 stack frames]]>
    </failure>
  </testcase> <!-- TestCase01 -->
  <testcase classname="TestNG_4.TestCasesExample" name="TestCase02" time="0.002">
    <failure type="java.lang.AssertionError" message="expected [true] but found [false]">
      <![CDATA[java.lang.AssertionError: expected [true] but found [false]
at TestNG_4.TestCasesExample.TestCase02(TestCasesExample.java:17)
at java.base/java.util.ArrayList.forEach(ArrayList.java:1511)
... Removed 31 stack frames]]>
    </failure>
  </testcase> <!-- TestCase02 -->
  <testcase classname="TestNG_4.TestCasesExample" name="TestCase03" time="0.0">
    <ignored/>
  </testcase> <!-- TestCase03 -->
</testsuite> <!-- Test(failed) -->
