<?xml version="1.0" encoding="UTF-8"?>
<!-- Generated by org.testng.reporters.JUnitXMLReporter -->
<testsuite ignored="4" hostname="CINT-IAOL-059" failures="0" tests="2" name="Test" time="0.093" errors="0" timestamp="2024-01-21T12:53:12 IST">
  <testcase classname="TestNG_Demo.LoanDepartment" name="MobileLoginAutomobileLoan" time="0.015"/>
  <testcase classname="TestNG_Demo.LoanDepartment" name="MobileLoginPersonalLoan" time="0.003"/>
  <testcase classname="TestNG_Demo.LoanDepartment" name="WebLoginPersonalLoan" time="0.0">
    <ignored/>
  </testcase> <!-- WebLoginPersonalLoan -->
  <testcase classname="TestNG_Demo.LoanDepartment" name="WebLoginAutomobileLoan" time="0.0">
    <ignored/>
  </testcase> <!-- WebLoginAutomobileLoan -->
  <testcase classname="TestNG_Demo.LoanDepartment" name="APILoginAutomobileLoan" time="0.0">
    <ignored/>
  </testcase> <!-- APILoginAutomobileLoan -->
  <testcase classname="TestNG_Demo.LoanDepartment" name="APILoginPersonalLoan" time="0.0">
    <ignored/>
  </testcase> <!-- APILoginPersonalLoan -->
</testsuite> <!-- Test -->
